Encrypted message from alice|0000000000000000000000000000000000000000000000000000000000000000|594f339dc8317cd9f2221d48652a70fc3172eb9290920030c256789358a64b02
Encrypted message from Thitna|0000000000000000000000000000000000000000000000000000000000000000|4fdb1b33e4c74c7c9d452ae3599a9e4af37fde79931a1c80a9def0cd49bfa749
Encrypted message from alice|0000000000000000000000000000000000000000000000000000000000000000|594f339dc8317cd9f2221d48652a70fc3172eb9290920030c256789358a64b02
Encrypted message from alice|0000000000000000000000000000000000000000000000000000000000000000|594f339dc8317cd9f2221d48652a70fc3172eb9290920030c256789358a64b02
Encrypted message from a|0000000000000000000000000000000000000000000000000000000000000000|1fbec079a3438ffd65ac378138f1858a88120c4cd5c849abcde1a224cd86ae94
Encrypted message from a|0000000000000000000000000000000000000000000000000000000000000000|1fbec079a3438ffd65ac378138f1858a88120c4cd5c849abcde1a224cd86ae94
Encrypted message from ee|0000000000000000000000000000000000000000000000000000000000000000|c1f667136111c2bf2aecf81ed217d1a53351cf56dc295558aa07aa8176476bad
Encrypted message from ee|0000000000000000000000000000000000000000000000000000000000000000|c1f667136111c2bf2aecf81ed217d1a53351cf56dc295558aa07aa8176476bad
Encrypted message from ee|0000000000000000000000000000000000000000000000000000000000000000|c1f667136111c2bf2aecf81ed217d1a53351cf56dc295558aa07aa8176476bad
Encrypted message from ee|0000000000000000000000000000000000000000000000000000000000000000|c1f667136111c2bf2aecf81ed217d1a53351cf56dc295558aa07aa8176476bad
Encrypted message from ee|0000000000000000000000000000000000000000000000000000000000000000|c1f667136111c2bf2aecf81ed217d1a53351cf56dc295558aa07aa8176476bad
Encrypted message from ee|0000000000000000000000000000000000000000000000000000000000000000|c1f667136111c2bf2aecf81ed217d1a53351cf56dc295558aa07aa8176476bad
Encrypted message from ee|0000000000000000000000000000000000000000000000000000000000000000|c1f667136111c2bf2aecf81ed217d1a53351cf56dc295558aa07aa8176476bad
Encrypted message from ee|0000000000000000000000000000000000000000000000000000000000000000|c1f667136111c2bf2aecf81ed217d1a53351cf56dc295558aa07aa8176476bad
Encrypted message from ee|0000000000000000000000000000000000000000000000000000000000000000|c1f667136111c2bf2aecf81ed217d1a53351cf56dc295558aa07aa8176476bad
Encrypted message from ee|0000000000000000000000000000000000000000000000000000000000000000|c1f667136111c2bf2aecf81ed217d1a53351cf56dc295558aa07aa8176476bad
Encrypted message from ee|0000000000000000000000000000000000000000000000000000000000000000|c1f667136111c2bf2aecf81ed217d1a53351cf56dc295558aa07aa8176476bad
Encrypted message from ee|0000000000000000000000000000000000000000000000000000000000000000|c1f667136111c2bf2aecf81ed217d1a53351cf56dc295558aa07aa8176476bad
Encrypted message from ee|0000000000000000000000000000000000000000000000000000000000000000|c1f667136111c2bf2aecf81ed217d1a53351cf56dc295558aa07aa8176476bad
Encrypted message from ee|0000000000000000000000000000000000000000000000000000000000000000|c1f667136111c2bf2aecf81ed217d1a53351cf56dc295558aa07aa8176476bad
Encrypted message from ee|0000000000000000000000000000000000000000000000000000000000000000|c1f667136111c2bf2aecf81ed217d1a53351cf56dc295558aa07aa8176476bad
Encrypted message from ee|0000000000000000000000000000000000000000000000000000000000000000|c1f667136111c2bf2aecf81ed217d1a53351cf56dc295558aa07aa8176476bad
Encrypted message from ee|0000000000000000000000000000000000000000000000000000000000000000|c1f667136111c2bf2aecf81ed217d1a53351cf56dc295558aa07aa8176476bad
Encrypted message from ee|0000000000000000000000000000000000000000000000000000000000000000|c1f667136111c2bf2aecf81ed217d1a53351cf56dc295558aa07aa8176476bad
Encrypted message from Bob|0000000000000000000000000000000000000000000000000000000000000000|8f75fc4e23ffb92a129e3b3aa69319d7dd2a96cc840bea95ee71c354bc15726d
Encrypted message from Bob|0000000000000000000000000000000000000000000000000000000000000000|8f75fc4e23ffb92a129e3b3aa69319d7dd2a96cc840bea95ee71c354bc15726d
Encrypted message from Bob|0000000000000000000000000000000000000000000000000000000000000000|8f75fc4e23ffb92a129e3b3aa69319d7dd2a96cc840bea95ee71c354bc15726d
Encrypted message from Bob|0000000000000000000000000000000000000000000000000000000000000000|8f75fc4e23ffb92a129e3b3aa69319d7dd2a96cc840bea95ee71c354bc15726d
Encrypted message from Bob|0000000000000000000000000000000000000000000000000000000000000000|8f75fc4e23ffb92a129e3b3aa69319d7dd2a96cc840bea95ee71c354bc15726d
Encrypted message from Bob|0000000000000000000000000000000000000000000000000000000000000000|8f75fc4e23ffb92a129e3b3aa69319d7dd2a96cc840bea95ee71c354bc15726d
Encrypted message from Bob|0000000000000000000000000000000000000000000000000000000000000000|8f75fc4e23ffb92a129e3b3aa69319d7dd2a96cc840bea95ee71c354bc15726d
Encrypted message from Bob|0000000000000000000000000000000000000000000000000000000000000000|8f75fc4e23ffb92a129e3b3aa69319d7dd2a96cc840bea95ee71c354bc15726d
Encrypted message from Bob|0000000000000000000000000000000000000000000000000000000000000000|8f75fc4e23ffb92a129e3b3aa69319d7dd2a96cc840bea95ee71c354bc15726d
Encrypted message from Bob|0000000000000000000000000000000000000000000000000000000000000000|8f75fc4e23ffb92a129e3b3aa69319d7dd2a96cc840bea95ee71c354bc15726d
Encrypted message from Bob|0000000000000000000000000000000000000000000000000000000000000000|8f75fc4e23ffb92a129e3b3aa69319d7dd2a96cc840bea95ee71c354bc15726d
Encrypted message from Bob|0000000000000000000000000000000000000000000000000000000000000000|8f75fc4e23ffb92a129e3b3aa69319d7dd2a96cc840bea95ee71c354bc15726d
Encrypted message from Bob|0000000000000000000000000000000000000000000000000000000000000000|8f75fc4e23ffb92a129e3b3aa69319d7dd2a96cc840bea95ee71c354bc15726d
Encrypted message from Bob|0000000000000000000000000000000000000000000000000000000000000000|8f75fc4e23ffb92a129e3b3aa69319d7dd2a96cc840bea95ee71c354bc15726d
Encrypted message from Bob|0000000000000000000000000000000000000000000000000000000000000000|8f75fc4e23ffb92a129e3b3aa69319d7dd2a96cc840bea95ee71c354bc15726d
Encrypted message from Bob|0000000000000000000000000000000000000000000000000000000000000000|8f75fc4e23ffb92a129e3b3aa69319d7dd2a96cc840bea95ee71c354bc15726d
Encrypted message from Bob|0000000000000000000000000000000000000000000000000000000000000000|8f75fc4e23ffb92a129e3b3aa69319d7dd2a96cc840bea95ee71c354bc15726d
Encrypted message from Alice|0000000000000000000000000000000000000000000000000000000000000000|da093d6635706a4ca7824b5922d490895fb47ef35a22257283137eed0def9766
Encrypted message from Alice|0000000000000000000000000000000000000000000000000000000000000000|da093d6635706a4ca7824b5922d490895fb47ef35a22257283137eed0def9766
Encrypted message from Alice|0000000000000000000000000000000000000000000000000000000000000000|da093d6635706a4ca7824b5922d490895fb47ef35a22257283137eed0def9766
Encrypted message from Alice|0000000000000000000000000000000000000000000000000000000000000000|da093d6635706a4ca7824b5922d490895fb47ef35a22257283137eed0def9766
Encrypted message from Alice|0000000000000000000000000000000000000000000000000000000000000000|da093d6635706a4ca7824b5922d490895fb47ef35a22257283137eed0def9766
Encrypted message from Alice|0000000000000000000000000000000000000000000000000000000000000000|da093d6635706a4ca7824b5922d490895fb47ef35a22257283137eed0def9766
Encrypted message from Alice|0000000000000000000000000000000000000000000000000000000000000000|da093d6635706a4ca7824b5922d490895fb47ef35a22257283137eed0def9766
Encrypted message from Alice|0000000000000000000000000000000000000000000000000000000000000000|da093d6635706a4ca7824b5922d490895fb47ef35a22257283137eed0def9766
Encrypted message from Alice|0000000000000000000000000000000000000000000000000000000000000000|da093d6635706a4ca7824b5922d490895fb47ef35a22257283137eed0def9766
Encrypted message from Alice|0000000000000000000000000000000000000000000000000000000000000000|da093d6635706a4ca7824b5922d490895fb47ef35a22257283137eed0def9766
Encrypted message from Alice|0000000000000000000000000000000000000000000000000000000000000000|da093d6635706a4ca7824b5922d490895fb47ef35a22257283137eed0def9766
Encrypted message from Alice|0000000000000000000000000000000000000000000000000000000000000000|da093d6635706a4ca7824b5922d490895fb47ef35a22257283137eed0def9766
Encrypted message from Alice|0000000000000000000000000000000000000000000000000000000000000000|da093d6635706a4ca7824b5922d490895fb47ef35a22257283137eed0def9766
Encrypted message from Alice|0000000000000000000000000000000000000000000000000000000000000000|da093d6635706a4ca7824b5922d490895fb47ef35a22257283137eed0def9766
Encrypted message from Alice|0000000000000000000000000000000000000000000000000000000000000000|da093d6635706a4ca7824b5922d490895fb47ef35a22257283137eed0def9766
Encrypted message from Alice|0000000000000000000000000000000000000000000000000000000000000000|da093d6635706a4ca7824b5922d490895fb47ef35a22257283137eed0def9766
Encrypted message from Alice|0000000000000000000000000000000000000000000000000000000000000000|da093d6635706a4ca7824b5922d490895fb47ef35a22257283137eed0def9766
Encrypted message from Alice|0000000000000000000000000000000000000000000000000000000000000000|da093d6635706a4ca7824b5922d490895fb47ef35a22257283137eed0def9766
Encrypted message from Alice|0000000000000000000000000000000000000000000000000000000000000000|da093d6635706a4ca7824b5922d490895fb47ef35a22257283137eed0def9766
Encrypted message from a|0000000000000000000000000000000000000000000000000000000000000000|1fbec079a3438ffd65ac378138f1858a88120c4cd5c849abcde1a224cd86ae94
Encrypted message from Al|0000000000000000000000000000000000000000000000000000000000000000|c23f20828b0f6f9ad7280a60d55e89562223a44263a20fa414a4eb76b4513c85
Encrypted message from hello|0000000000000000000000000000000000000000000000000000000000000000|c197d02c99704f27c7ef78b9dc11b0aec9dcff4e616000ab5855880a24b157bf
Encrypted message from hhhh|0000000000000000000000000000000000000000000000000000000000000000|ce0c85958c2cbafd7bd8316c5a85e8af12e7cf7e5e3f924211510b25e9ce0182
Encrypted message from howowo|0000000000000000000000000000000000000000000000000000000000000000|50579c778dc92d7bdfd1dfbdf5be31593f306f11a06557c022e45358d87c2c81
Encrypted message from k|0000000000000000000000000000000000000000000000000000000000000000|1653a94523ae8d2c5cf100de2364bb523e2ddcc1f6d86c3cca787dbe61adbad3
